{"/Users/kurtis/g52/q2/q2-project/jitters/knex.js":{"path":"/Users/kurtis/g52/q2/q2-project/jitters/knex.js","s":{"1":1,"2":1,"3":1,"4":1},"b":{"1":[1,0]},"f":{},"fnMap":{},"statementMap":{"1":{"start":{"line":1,"column":0},"end":{"line":1,"column":58}},"2":{"start":{"line":2,"column":0},"end":{"line":2,"column":54}},"3":{"start":{"line":3,"column":0},"end":{"line":3,"column":41}},"4":{"start":{"line":5,"column":0},"end":{"line":5,"column":22}}},"branchMap":{"1":{"line":1,"type":"binary-expr","locations":[{"start":{"line":1,"column":20},"end":{"line":1,"column":40}},{"start":{"line":1,"column":44},"end":{"line":1,"column":57}}]}}},"/Users/kurtis/g52/q2/q2-project/jitters/knexfile.js":{"path":"/Users/kurtis/g52/q2/q2-project/jitters/knexfile.js","s":{"1":1},"b":{},"f":{},"fnMap":{},"statementMap":{"1":{"start":{"line":3,"column":0},"end":{"line":34,"column":2}}},"branchMap":{}},"/Users/kurtis/g52/q2/q2-project/jitters/index.js":{"path":"/Users/kurtis/g52/q2/q2-project/jitters/index.js","s":{"1":1,"2":1,"3":1,"4":1,"5":1,"6":1,"7":1,"8":1,"9":1,"10":1,"11":1,"12":1,"13":1,"14":1,"15":1,"16":1,"17":1,"18":1,"19":1,"20":1,"21":1,"22":1,"23":1,"24":1,"25":1,"26":1,"27":0,"28":0,"29":0,"30":0,"31":1,"32":1,"33":1,"34":1,"35":1,"36":1},"b":{"1":[1,0],"2":[0,0],"3":[0,0],"4":[1,1],"5":[1,0]},"f":{},"fnMap":{},"statementMap":{"1":{"start":{"line":3,"column":0},"end":{"line":5,"column":1}},"2":{"start":{"line":4,"column":2},"end":{"line":4,"column":29}},"3":{"start":{"line":7,"column":0},"end":{"line":7,"column":42}},"4":{"start":{"line":8,"column":0},"end":{"line":8,"column":46}},"5":{"start":{"line":9,"column":0},"end":{"line":9,"column":35}},"6":{"start":{"line":10,"column":0},"end":{"line":10,"column":29}},"7":{"start":{"line":11,"column":0},"end":{"line":11,"column":22}},"8":{"start":{"line":13,"column":0},"end":{"line":13,"column":28}},"9":{"start":{"line":15,"column":0},"end":{"line":15,"column":27}},"10":{"start":{"line":16,"column":0},"end":{"line":16,"column":24}},"11":{"start":{"line":17,"column":0},"end":{"line":17,"column":45}},"12":{"start":{"line":20,"column":0},"end":{"line":20,"column":52}},"13":{"start":{"line":21,"column":0},"end":{"line":21,"column":48}},"14":{"start":{"line":22,"column":0},"end":{"line":22,"column":52}},"15":{"start":{"line":23,"column":0},"end":{"line":23,"column":46}},"16":{"start":{"line":24,"column":0},"end":{"line":24,"column":44}},"17":{"start":{"line":25,"column":0},"end":{"line":25,"column":44}},"18":{"start":{"line":27,"column":0},"end":{"line":27,"column":19}},"19":{"start":{"line":28,"column":0},"end":{"line":28,"column":17}},"20":{"start":{"line":29,"column":0},"end":{"line":29,"column":19}},"21":{"start":{"line":30,"column":0},"end":{"line":30,"column":16}},"22":{"start":{"line":31,"column":0},"end":{"line":31,"column":15}},"23":{"start":{"line":32,"column":0},"end":{"line":32,"column":15}},"24":{"start":{"line":34,"column":0},"end":{"line":36,"column":3}},"25":{"start":{"line":35,"column":2},"end":{"line":35,"column":22}},"26":{"start":{"line":39,"column":0},"end":{"line":50,"column":3}},"27":{"start":{"line":40,"column":2},"end":{"line":45,"column":3}},"28":{"start":{"line":41,"column":4},"end":{"line":44,"column":25}},"29":{"start":{"line":48,"column":2},"end":{"line":48,"column":27}},"30":{"start":{"line":49,"column":2},"end":{"line":49,"column":22}},"31":{"start":{"line":53,"column":0},"end":{"line":53,"column":36}},"32":{"start":{"line":55,"column":0},"end":{"line":55,"column":47}},"33":{"start":{"line":55,"column":33},"end":{"line":55,"column":45}},"34":{"start":{"line":57,"column":0},"end":{"line":59,"column":3}},"35":{"start":{"line":58,"column":2},"end":{"line":58,"column":43}},"36":{"start":{"line":61,"column":0},"end":{"line":61,"column":21}}},"branchMap":{"1":{"line":3,"type":"if","locations":[{"start":{"line":3,"column":0},"end":{"line":3,"column":0}},{"start":{"line":3,"column":0},"end":{"line":3,"column":0}}]},"2":{"line":40,"type":"if","locations":[{"start":{"line":40,"column":2},"end":{"line":40,"column":2}},{"start":{"line":40,"column":2},"end":{"line":40,"column":2}}]},"3":{"line":40,"type":"binary-expr","locations":[{"start":{"line":40,"column":6},"end":{"line":40,"column":16}},{"start":{"line":40,"column":20},"end":{"line":40,"column":41}}]},"4":{"line":53,"type":"binary-expr","locations":[{"start":{"line":53,"column":11},"end":{"line":53,"column":27}},{"start":{"line":53,"column":31},"end":{"line":53,"column":35}}]},"5":{"line":55,"type":"if","locations":[{"start":{"line":55,"column":0},"end":{"line":55,"column":0}},{"start":{"line":55,"column":0},"end":{"line":55,"column":0}}]}}},"/Users/kurtis/g52/q2/q2-project/jitters/src/routes/countries.js":{"path":"/Users/kurtis/g52/q2/q2-project/jitters/src/routes/countries.js","s":{"1":1,"2":1,"3":1,"4":1,"5":1,"6":1,"7":1,"8":1,"9":0,"10":0,"11":1,"12":0,"13":1,"14":1,"15":1,"16":1,"17":0,"18":0,"19":1,"20":0,"21":1},"b":{"1":[0,1],"2":[0,1]},"f":{},"fnMap":{},"statementMap":{"1":{"start":{"line":3,"column":0},"end":{"line":3,"column":35}},"2":{"start":{"line":4,"column":0},"end":{"line":4,"column":31}},"3":{"start":{"line":6,"column":0},"end":{"line":6,"column":48}},"4":{"start":{"line":8,"column":0},"end":{"line":8,"column":32}},"5":{"start":{"line":10,"column":0},"end":{"line":10,"column":30}},"6":{"start":{"line":38,"column":0},"end":{"line":50,"column":3}},"7":{"start":{"line":39,"column":2},"end":{"line":49,"column":7}},"8":{"start":{"line":41,"column":6},"end":{"line":44,"column":7}},"9":{"start":{"line":42,"column":8},"end":{"line":42,"column":28}},"10":{"start":{"line":43,"column":8},"end":{"line":43,"column":15}},"11":{"start":{"line":45,"column":6},"end":{"line":45,"column":26}},"12":{"start":{"line":48,"column":6},"end":{"line":48,"column":32}},"13":{"start":{"line":91,"column":0},"end":{"line":104,"column":3}},"14":{"start":{"line":92,"column":2},"end":{"line":92,"column":27}},"15":{"start":{"line":93,"column":2},"end":{"line":103,"column":5}},"16":{"start":{"line":95,"column":6},"end":{"line":98,"column":7}},"17":{"start":{"line":96,"column":8},"end":{"line":96,"column":28}},"18":{"start":{"line":97,"column":8},"end":{"line":97,"column":15}},"19":{"start":{"line":99,"column":6},"end":{"line":99,"column":27}},"20":{"start":{"line":102,"column":6},"end":{"line":102,"column":32}},"21":{"start":{"line":106,"column":0},"end":{"line":106,"column":24}}},"branchMap":{"1":{"line":41,"type":"if","locations":[{"start":{"line":41,"column":6},"end":{"line":41,"column":6}},{"start":{"line":41,"column":6},"end":{"line":41,"column":6}}]},"2":{"line":95,"type":"if","locations":[{"start":{"line":95,"column":6},"end":{"line":95,"column":6}},{"start":{"line":95,"column":6},"end":{"line":95,"column":6}}]}}},"/Users/kurtis/g52/q2/q2-project/jitters/src/models/Country.js":{"path":"/Users/kurtis/g52/q2/q2-project/jitters/src/models/Country.js","s":{"1":1,"2":1,"3":1,"4":1,"5":1,"6":1,"7":1},"b":{},"f":{"1":1,"2":1},"fnMap":{"1":{"name":"(anonymous_1)","line":7,"loc":{"start":{"line":7,"column":14},"end":{"line":7,"column":17}}},"2":{"name":"(anonymous_2)","line":13,"loc":{"start":{"line":13,"column":22},"end":{"line":13,"column":27}}}},"statementMap":{"1":{"start":{"line":3,"column":0},"end":{"line":3,"column":38}},"2":{"start":{"line":4,"column":0},"end":{"line":4,"column":58}},"3":{"start":{"line":8,"column":4},"end":{"line":10,"column":46}},"4":{"start":{"line":10,"column":24},"end":{"line":10,"column":44}},"5":{"start":{"line":14,"column":4},"end":{"line":22,"column":9}},"6":{"start":{"line":21,"column":8},"end":{"line":21,"column":35}},"7":{"start":{"line":26,"column":0},"end":{"line":26,"column":25}}},"branchMap":{}},"/Users/kurtis/g52/q2/q2-project/jitters/src/routes/regions.js":{"path":"/Users/kurtis/g52/q2/q2-project/jitters/src/routes/regions.js","s":{"1":1,"2":1,"3":1,"4":1,"5":1,"6":1,"7":1,"8":1,"9":1,"10":1,"11":0,"12":1,"13":2,"14":2,"15":1,"16":1,"17":1,"18":0,"19":1,"20":4,"21":4,"22":0,"23":0,"24":0,"25":4,"26":4,"27":4,"28":2,"29":2,"30":4,"31":1,"32":1,"33":4,"34":4,"35":4,"36":0,"37":0,"38":1,"39":1,"40":1,"41":1,"42":0,"43":0,"44":0,"45":1,"46":1,"47":1,"48":0,"49":0,"50":1,"51":1,"52":1,"53":1,"54":1,"55":1,"56":0,"57":0,"58":1},"b":{"1":[1,1],"2":[0,4],"3":[2,2],"4":[4,2,0],"5":[1,3],"6":[4,1,3,2],"7":[0,1],"8":[0,1],"9":[1,0,0],"10":[1,0],"11":[1,0,1,0]},"f":{},"fnMap":{},"statementMap":{"1":{"start":{"line":3,"column":0},"end":{"line":3,"column":35}},"2":{"start":{"line":4,"column":0},"end":{"line":4,"column":42}},"3":{"start":{"line":5,"column":0},"end":{"line":5,"column":31}},"4":{"start":{"line":7,"column":0},"end":{"line":7,"column":46}},"5":{"start":{"line":8,"column":0},"end":{"line":8,"column":36}},"6":{"start":{"line":9,"column":0},"end":{"line":9,"column":32}},"7":{"start":{"line":11,"column":0},"end":{"line":11,"column":27}},"8":{"start":{"line":37,"column":0},"end":{"line":45,"column":3}},"9":{"start":{"line":38,"column":2},"end":{"line":44,"column":7}},"10":{"start":{"line":40,"column":6},"end":{"line":40,"column":24}},"11":{"start":{"line":43,"column":6},"end":{"line":43,"column":32}},"12":{"start":{"line":85,"column":0},"end":{"line":99,"column":3}},"13":{"start":{"line":86,"column":2},"end":{"line":86,"column":27}},"14":{"start":{"line":88,"column":2},"end":{"line":90,"column":1}},"15":{"start":{"line":89,"column":2},"end":{"line":89,"column":29}},"16":{"start":{"line":92,"column":2},"end":{"line":98,"column":5}},"17":{"start":{"line":94,"column":6},"end":{"line":94,"column":23}},"18":{"start":{"line":97,"column":6},"end":{"line":97,"column":32}},"19":{"start":{"line":130,"column":0},"end":{"line":164,"column":3}},"20":{"start":{"line":131,"column":2},"end":{"line":131,"column":24}},"21":{"start":{"line":133,"column":2},"end":{"line":137,"column":3}},"22":{"start":{"line":134,"column":4},"end":{"line":134,"column":41}},"23":{"start":{"line":135,"column":4},"end":{"line":135,"column":52}},"24":{"start":{"line":136,"column":4},"end":{"line":136,"column":11}},"25":{"start":{"line":139,"column":0},"end":{"line":163,"column":6}},"26":{"start":{"line":141,"column":9},"end":{"line":141,"column":31}},"27":{"start":{"line":144,"column":8},"end":{"line":147,"column":9}},"28":{"start":{"line":145,"column":10},"end":{"line":145,"column":28}},"29":{"start":{"line":146,"column":10},"end":{"line":146,"column":29}},"30":{"start":{"line":148,"column":10},"end":{"line":151,"column":11}},"31":{"start":{"line":149,"column":12},"end":{"line":149,"column":63}},"32":{"start":{"line":150,"column":12},"end":{"line":150,"column":64}},"33":{"start":{"line":152,"column":10},"end":{"line":159,"column":9}},"34":{"start":{"line":154,"column":12},"end":{"line":154,"column":61}},"35":{"start":{"line":155,"column":12},"end":{"line":155,"column":39}},"36":{"start":{"line":158,"column":12},"end":{"line":158,"column":32}},"37":{"start":{"line":162,"column":6},"end":{"line":162,"column":26}},"38":{"start":{"line":198,"column":0},"end":{"line":233,"column":3}},"39":{"start":{"line":199,"column":2},"end":{"line":199,"column":24}},"40":{"start":{"line":200,"column":2},"end":{"line":200,"column":28}},"41":{"start":{"line":202,"column":2},"end":{"line":206,"column":3}},"42":{"start":{"line":203,"column":4},"end":{"line":203,"column":41}},"43":{"start":{"line":204,"column":4},"end":{"line":204,"column":52}},"44":{"start":{"line":205,"column":4},"end":{"line":205,"column":11}},"45":{"start":{"line":208,"column":0},"end":{"line":232,"column":6}},"46":{"start":{"line":210,"column":9},"end":{"line":210,"column":31}},"47":{"start":{"line":213,"column":8},"end":{"line":216,"column":9}},"48":{"start":{"line":214,"column":10},"end":{"line":214,"column":28}},"49":{"start":{"line":215,"column":10},"end":{"line":215,"column":29}},"50":{"start":{"line":217,"column":10},"end":{"line":220,"column":11}},"51":{"start":{"line":218,"column":12},"end":{"line":218,"column":63}},"52":{"start":{"line":219,"column":12},"end":{"line":219,"column":64}},"53":{"start":{"line":221,"column":10},"end":{"line":228,"column":9}},"54":{"start":{"line":223,"column":12},"end":{"line":223,"column":61}},"55":{"start":{"line":224,"column":12},"end":{"line":224,"column":39}},"56":{"start":{"line":227,"column":12},"end":{"line":227,"column":32}},"57":{"start":{"line":231,"column":6},"end":{"line":231,"column":26}},"58":{"start":{"line":235,"column":0},"end":{"line":235,"column":24}}},"branchMap":{"1":{"line":88,"type":"if","locations":[{"start":{"line":88,"column":2},"end":{"line":88,"column":2}},{"start":{"line":88,"column":2},"end":{"line":88,"column":2}}]},"2":{"line":133,"type":"if","locations":[{"start":{"line":133,"column":2},"end":{"line":133,"column":2}},{"start":{"line":133,"column":2},"end":{"line":133,"column":2}}]},"3":{"line":144,"type":"if","locations":[{"start":{"line":144,"column":8},"end":{"line":144,"column":8}},{"start":{"line":144,"column":8},"end":{"line":144,"column":8}}]},"4":{"line":144,"type":"binary-expr","locations":[{"start":{"line":144,"column":13},"end":{"line":144,"column":38}},{"start":{"line":144,"column":44},"end":{"line":144,"column":55}},{"start":{"line":144,"column":59},"end":{"line":144,"column":71}}]},"5":{"line":148,"type":"if","locations":[{"start":{"line":148,"column":10},"end":{"line":148,"column":10}},{"start":{"line":148,"column":10},"end":{"line":148,"column":10}}]},"6":{"line":148,"type":"binary-expr","locations":[{"start":{"line":148,"column":15},"end":{"line":148,"column":26}},{"start":{"line":148,"column":30},"end":{"line":148,"column":42}},{"start":{"line":148,"column":48},"end":{"line":148,"column":67}},{"start":{"line":148,"column":71},"end":{"line":148,"column":91}}]},"7":{"line":202,"type":"if","locations":[{"start":{"line":202,"column":2},"end":{"line":202,"column":2}},{"start":{"line":202,"column":2},"end":{"line":202,"column":2}}]},"8":{"line":213,"type":"if","locations":[{"start":{"line":213,"column":8},"end":{"line":213,"column":8}},{"start":{"line":213,"column":8},"end":{"line":213,"column":8}}]},"9":{"line":213,"type":"binary-expr","locations":[{"start":{"line":213,"column":12},"end":{"line":213,"column":37}},{"start":{"line":213,"column":42},"end":{"line":213,"column":53}},{"start":{"line":213,"column":57},"end":{"line":213,"column":69}}]},"10":{"line":217,"type":"if","locations":[{"start":{"line":217,"column":10},"end":{"line":217,"column":10}},{"start":{"line":217,"column":10},"end":{"line":217,"column":10}}]},"11":{"line":217,"type":"binary-expr","locations":[{"start":{"line":217,"column":15},"end":{"line":217,"column":26}},{"start":{"line":217,"column":30},"end":{"line":217,"column":42}},{"start":{"line":217,"column":48},"end":{"line":217,"column":67}},{"start":{"line":217,"column":71},"end":{"line":217,"column":91}}]}}},"/Users/kurtis/g52/q2/q2-project/jitters/src/models/Region.js":{"path":"/Users/kurtis/g52/q2/q2-project/jitters/src/models/Region.js","s":{"1":1,"2":1,"3":1,"4":1,"5":1,"6":1,"7":1,"8":4,"9":4,"10":1,"11":1,"12":1},"b":{},"f":{"1":1,"2":1,"3":4,"4":1},"fnMap":{"1":{"name":"(anonymous_1)","line":10,"loc":{"start":{"line":10,"column":12},"end":{"line":10,"column":15}}},"2":{"name":"(anonymous_2)","line":16,"loc":{"start":{"line":16,"column":21},"end":{"line":16,"column":26}}},"3":{"name":"(anonymous_3)","line":28,"loc":{"start":{"line":28,"column":11},"end":{"line":28,"column":20}}},"4":{"name":"(anonymous_4)","line":36,"loc":{"start":{"line":36,"column":14},"end":{"line":36,"column":23}}}},"statementMap":{"1":{"start":{"line":3,"column":0},"end":{"line":3,"column":38}},"2":{"start":{"line":4,"column":0},"end":{"line":4,"column":58}},"3":{"start":{"line":5,"column":0},"end":{"line":5,"column":35}},"4":{"start":{"line":11,"column":4},"end":{"line":13,"column":46}},"5":{"start":{"line":13,"column":24},"end":{"line":13,"column":44}},"6":{"start":{"line":17,"column":4},"end":{"line":25,"column":9}},"7":{"start":{"line":24,"column":8},"end":{"line":24,"column":35}},"8":{"start":{"line":29,"column":4},"end":{"line":33,"column":9}},"9":{"start":{"line":32,"column":8},"end":{"line":32,"column":35}},"10":{"start":{"line":37,"column":4},"end":{"line":46,"column":9}},"11":{"start":{"line":45,"column":8},"end":{"line":45,"column":35}},"12":{"start":{"line":51,"column":0},"end":{"line":51,"column":24}}},"branchMap":{}},"/Users/kurtis/g52/q2/q2-project/jitters/src/routes/producers.js":{"path":"/Users/kurtis/g52/q2/q2-project/jitters/src/routes/producers.js","s":{"1":1,"2":1,"3":1,"4":1,"5":1,"6":1,"7":1,"8":1,"9":1,"10":1,"11":0,"12":0,"13":1,"14":0,"15":1,"16":2,"17":2,"18":2,"19":1,"20":1,"21":1,"22":0,"23":1,"24":1,"25":1,"26":0,"27":1,"28":0,"29":1,"30":1,"31":0,"32":0,"33":1,"34":0,"35":1,"36":1,"37":1,"38":1,"39":0,"40":1,"41":1,"42":0,"43":1,"44":0,"45":1},"b":{"1":[0,1],"2":[1,1],"3":[0,1],"4":[0,1],"5":[0,1],"6":[0,1],"7":[1,1],"8":[0,1]},"f":{},"fnMap":{},"statementMap":{"1":{"start":{"line":3,"column":0},"end":{"line":3,"column":35}},"2":{"start":{"line":5,"column":0},"end":{"line":5,"column":46}},"3":{"start":{"line":6,"column":0},"end":{"line":6,"column":73}},"4":{"start":{"line":7,"column":0},"end":{"line":7,"column":50}},"5":{"start":{"line":9,"column":0},"end":{"line":9,"column":32}},"6":{"start":{"line":11,"column":0},"end":{"line":11,"column":27}},"7":{"start":{"line":13,"column":0},"end":{"line":13,"column":31}},"8":{"start":{"line":39,"column":0},"end":{"line":51,"column":3}},"9":{"start":{"line":40,"column":2},"end":{"line":50,"column":7}},"10":{"start":{"line":42,"column":6},"end":{"line":45,"column":7}},"11":{"start":{"line":43,"column":8},"end":{"line":43,"column":28}},"12":{"start":{"line":44,"column":8},"end":{"line":44,"column":15}},"13":{"start":{"line":46,"column":6},"end":{"line":46,"column":26}},"14":{"start":{"line":49,"column":6},"end":{"line":49,"column":26}},"15":{"start":{"line":76,"column":0},"end":{"line":89,"column":2}},"16":{"start":{"line":77,"column":2},"end":{"line":77,"column":27}},"17":{"start":{"line":78,"column":2},"end":{"line":88,"column":7}},"18":{"start":{"line":80,"column":6},"end":{"line":83,"column":7}},"19":{"start":{"line":81,"column":8},"end":{"line":81,"column":28}},"20":{"start":{"line":82,"column":8},"end":{"line":82,"column":15}},"21":{"start":{"line":84,"column":6},"end":{"line":84,"column":25}},"22":{"start":{"line":87,"column":6},"end":{"line":87,"column":26}},"23":{"start":{"line":122,"column":0},"end":{"line":151,"column":3}},"24":{"start":{"line":123,"column":2},"end":{"line":123,"column":33}},"25":{"start":{"line":125,"column":2},"end":{"line":130,"column":3}},"26":{"start":{"line":126,"column":4},"end":{"line":129,"column":29}},"27":{"start":{"line":132,"column":2},"end":{"line":137,"column":3}},"28":{"start":{"line":133,"column":4},"end":{"line":136,"column":36}},"29":{"start":{"line":139,"column":2},"end":{"line":149,"column":7}},"30":{"start":{"line":141,"column":6},"end":{"line":144,"column":7}},"31":{"start":{"line":142,"column":8},"end":{"line":142,"column":28}},"32":{"start":{"line":143,"column":8},"end":{"line":143,"column":15}},"33":{"start":{"line":145,"column":6},"end":{"line":145,"column":23}},"34":{"start":{"line":148,"column":6},"end":{"line":148,"column":26}},"35":{"start":{"line":174,"column":0},"end":{"line":192,"column":2}},"36":{"start":{"line":175,"column":2},"end":{"line":175,"column":27}},"37":{"start":{"line":176,"column":2},"end":{"line":176,"column":36}},"38":{"start":{"line":178,"column":2},"end":{"line":180,"column":3}},"39":{"start":{"line":179,"column":4},"end":{"line":179,"column":31}},"40":{"start":{"line":182,"column":2},"end":{"line":191,"column":6}},"41":{"start":{"line":184,"column":6},"end":{"line":186,"column":7}},"42":{"start":{"line":185,"column":8},"end":{"line":185,"column":35}},"43":{"start":{"line":187,"column":6},"end":{"line":187,"column":23}},"44":{"start":{"line":190,"column":6},"end":{"line":190,"column":26}},"45":{"start":{"line":194,"column":0},"end":{"line":194,"column":24}}},"branchMap":{"1":{"line":42,"type":"if","locations":[{"start":{"line":42,"column":6},"end":{"line":42,"column":6}},{"start":{"line":42,"column":6},"end":{"line":42,"column":6}}]},"2":{"line":80,"type":"if","locations":[{"start":{"line":80,"column":6},"end":{"line":80,"column":6}},{"start":{"line":80,"column":6},"end":{"line":80,"column":6}}]},"3":{"line":125,"type":"if","locations":[{"start":{"line":125,"column":2},"end":{"line":125,"column":2}},{"start":{"line":125,"column":2},"end":{"line":125,"column":2}}]},"4":{"line":132,"type":"if","locations":[{"start":{"line":132,"column":2},"end":{"line":132,"column":2}},{"start":{"line":132,"column":2},"end":{"line":132,"column":2}}]},"5":{"line":141,"type":"if","locations":[{"start":{"line":141,"column":6},"end":{"line":141,"column":6}},{"start":{"line":141,"column":6},"end":{"line":141,"column":6}}]},"6":{"line":178,"type":"if","locations":[{"start":{"line":178,"column":2},"end":{"line":178,"column":2}},{"start":{"line":178,"column":2},"end":{"line":178,"column":2}}]},"7":{"line":178,"type":"binary-expr","locations":[{"start":{"line":178,"column":6},"end":{"line":178,"column":15}},{"start":{"line":178,"column":19},"end":{"line":178,"column":26}}]},"8":{"line":184,"type":"if","locations":[{"start":{"line":184,"column":6},"end":{"line":184,"column":6}},{"start":{"line":184,"column":6},"end":{"line":184,"column":6}}]}}},"/Users/kurtis/g52/q2/q2-project/jitters/src/routes/access.js":{"path":"/Users/kurtis/g52/q2/q2-project/jitters/src/routes/access.js","s":{"1":1,"2":1,"3":1,"4":2,"5":0,"6":2,"7":1,"8":2,"9":2,"10":0,"11":2,"12":1,"13":0,"14":0,"15":0,"16":0,"17":1},"b":{"1":[0,2],"2":[0,2],"3":[2,2],"4":[0,0],"5":[0,0]},"f":{"1":2,"2":2,"3":0},"fnMap":{"1":{"name":"hasToken","line":6,"loc":{"start":{"line":6,"column":0},"end":{"line":6,"column":34}}},"2":{"name":"isLoggedIn","line":15,"loc":{"start":{"line":15,"column":0},"end":{"line":15,"column":36}}},"3":{"name":"isAdministrator","line":27,"loc":{"start":{"line":27,"column":0},"end":{"line":27,"column":41}}}},"statementMap":{"1":{"start":{"line":2,"column":0},"end":{"line":2,"column":36}},"2":{"start":{"line":3,"column":0},"end":{"line":3,"column":46}},"3":{"start":{"line":6,"column":0},"end":{"line":12,"column":1}},"4":{"start":{"line":7,"column":2},"end":{"line":11,"column":3}},"5":{"start":{"line":8,"column":4},"end":{"line":8,"column":24}},"6":{"start":{"line":10,"column":4},"end":{"line":10,"column":11}},"7":{"start":{"line":15,"column":0},"end":{"line":23,"column":1}},"8":{"start":{"line":16,"column":2},"end":{"line":22,"column":5}},"9":{"start":{"line":17,"column":4},"end":{"line":21,"column":5}},"10":{"start":{"line":18,"column":6},"end":{"line":18,"column":26}},"11":{"start":{"line":20,"column":6},"end":{"line":20,"column":13}},"12":{"start":{"line":27,"column":0},"end":{"line":35,"column":1}},"13":{"start":{"line":28,"column":2},"end":{"line":34,"column":5}},"14":{"start":{"line":29,"column":4},"end":{"line":33,"column":5}},"15":{"start":{"line":30,"column":6},"end":{"line":30,"column":26}},"16":{"start":{"line":32,"column":6},"end":{"line":32,"column":13}},"17":{"start":{"line":37,"column":0},"end":{"line":37,"column":59}}},"branchMap":{"1":{"line":7,"type":"if","locations":[{"start":{"line":7,"column":2},"end":{"line":7,"column":2}},{"start":{"line":7,"column":2},"end":{"line":7,"column":2}}]},"2":{"line":17,"type":"if","locations":[{"start":{"line":17,"column":4},"end":{"line":17,"column":4}},{"start":{"line":17,"column":4},"end":{"line":17,"column":4}}]},"3":{"line":17,"type":"binary-expr","locations":[{"start":{"line":17,"column":8},"end":{"line":17,"column":11}},{"start":{"line":17,"column":15},"end":{"line":17,"column":32}}]},"4":{"line":29,"type":"if","locations":[{"start":{"line":29,"column":4},"end":{"line":29,"column":4}},{"start":{"line":29,"column":4},"end":{"line":29,"column":4}}]},"5":{"line":29,"type":"binary-expr","locations":[{"start":{"line":29,"column":8},"end":{"line":29,"column":11}},{"start":{"line":29,"column":15},"end":{"line":29,"column":41}}]}}},"/Users/kurtis/g52/q2/q2-project/jitters/src/models/Producer.js":{"path":"/Users/kurtis/g52/q2/q2-project/jitters/src/models/Producer.js","s":{"1":1,"2":1,"3":1,"4":1,"5":2,"6":2,"7":1,"8":1,"9":1,"10":1,"11":1,"12":0,"13":1,"14":1,"15":1},"b":{"1":[0,1]},"f":{"1":1,"2":2,"3":1,"4":1},"fnMap":{"1":{"name":"(anonymous_1)","line":8,"loc":{"start":{"line":8,"column":14},"end":{"line":8,"column":17}}},"2":{"name":"(anonymous_2)","line":14,"loc":{"start":{"line":14,"column":17},"end":{"line":14,"column":22}}},"3":{"name":"(anonymous_3)","line":33,"loc":{"start":{"line":33,"column":13},"end":{"line":33,"column":29}}},"4":{"name":"(anonymous_4)","line":41,"loc":{"start":{"line":41,"column":16},"end":{"line":41,"column":39}}}},"statementMap":{"1":{"start":{"line":3,"column":0},"end":{"line":3,"column":38}},"2":{"start":{"line":4,"column":0},"end":{"line":4,"column":58}},"3":{"start":{"line":9,"column":4},"end":{"line":11,"column":46}},"4":{"start":{"line":11,"column":24},"end":{"line":11,"column":44}},"5":{"start":{"line":15,"column":4},"end":{"line":23,"column":46}},"6":{"start":{"line":23,"column":24},"end":{"line":23,"column":44}},"7":{"start":{"line":34,"column":4},"end":{"line":38,"column":9}},"8":{"start":{"line":37,"column":8},"end":{"line":37,"column":39}},"9":{"start":{"line":42,"column":4},"end":{"line":42,"column":56}},"10":{"start":{"line":44,"column":4},"end":{"line":53,"column":9}},"11":{"start":{"line":48,"column":8},"end":{"line":48,"column":32}},"12":{"start":{"line":48,"column":23},"end":{"line":48,"column":30}},"13":{"start":{"line":49,"column":8},"end":{"line":52,"column":71}},"14":{"start":{"line":52,"column":37},"end":{"line":52,"column":69}},"15":{"start":{"line":57,"column":0},"end":{"line":57,"column":26}}},"branchMap":{"1":{"line":48,"type":"if","locations":[{"start":{"line":48,"column":8},"end":{"line":48,"column":8}},{"start":{"line":48,"column":8},"end":{"line":48,"column":8}}]}}},"/Users/kurtis/g52/q2/q2-project/jitters/src/routes/coffee.js":{"path":"/Users/kurtis/g52/q2/q2-project/jitters/src/routes/coffee.js","s":{"1":1,"2":1,"3":1,"4":1,"5":1,"6":1,"7":1,"8":1,"9":1,"10":0,"11":1,"12":2,"13":2,"14":2,"15":1,"16":1,"17":1,"18":0,"19":1,"20":1,"21":1,"22":0,"23":1,"24":1,"25":1,"26":0,"27":1,"28":0,"29":0,"30":0,"31":0,"32":0,"33":0,"34":0,"35":0,"36":1,"37":2,"38":2,"39":2,"40":1,"41":1,"42":1,"43":0,"44":0,"45":1,"46":1,"47":0,"48":1,"49":1,"50":1,"51":0,"52":1,"53":1,"54":0,"55":0,"56":1,"57":0,"58":1},"b":{"1":[1,1],"2":[2,1],"3":[0,1],"4":[0,0],"5":[1,1],"6":[0,1],"7":[0,1],"8":[0,1]},"f":{},"fnMap":{},"statementMap":{"1":{"start":{"line":3,"column":0},"end":{"line":3,"column":42}},"2":{"start":{"line":4,"column":0},"end":{"line":4,"column":35}},"3":{"start":{"line":5,"column":0},"end":{"line":5,"column":31}},"4":{"start":{"line":7,"column":0},"end":{"line":7,"column":46}},"5":{"start":{"line":9,"column":0},"end":{"line":9,"column":32}},"6":{"start":{"line":11,"column":0},"end":{"line":11,"column":32}},"7":{"start":{"line":42,"column":0},"end":{"line":50,"column":3}},"8":{"start":{"line":43,"column":2},"end":{"line":49,"column":7}},"9":{"start":{"line":45,"column":6},"end":{"line":45,"column":27}},"10":{"start":{"line":48,"column":6},"end":{"line":48,"column":32}},"11":{"start":{"line":85,"column":0},"end":{"line":98,"column":3}},"12":{"start":{"line":86,"column":2},"end":{"line":86,"column":27}},"13":{"start":{"line":87,"column":2},"end":{"line":97,"column":7}},"14":{"start":{"line":89,"column":6},"end":{"line":92,"column":7}},"15":{"start":{"line":90,"column":9},"end":{"line":90,"column":29}},"16":{"start":{"line":91,"column":9},"end":{"line":91,"column":16}},"17":{"start":{"line":93,"column":6},"end":{"line":93,"column":23}},"18":{"start":{"line":96,"column":6},"end":{"line":96,"column":32}},"19":{"start":{"line":139,"column":0},"end":{"line":156,"column":3}},"20":{"start":{"line":140,"column":2},"end":{"line":140,"column":26}},"21":{"start":{"line":142,"column":2},"end":{"line":146,"column":3}},"22":{"start":{"line":143,"column":4},"end":{"line":145,"column":36}},"23":{"start":{"line":148,"column":2},"end":{"line":155,"column":7}},"24":{"start":{"line":150,"column":4},"end":{"line":150,"column":53}},"25":{"start":{"line":151,"column":4},"end":{"line":151,"column":31}},"26":{"start":{"line":154,"column":6},"end":{"line":154,"column":26}},"27":{"start":{"line":188,"column":0},"end":{"line":203,"column":2}},"28":{"start":{"line":189,"column":2},"end":{"line":189,"column":37}},"29":{"start":{"line":190,"column":2},"end":{"line":190,"column":37}},"30":{"start":{"line":192,"column":2},"end":{"line":202,"column":6}},"31":{"start":{"line":194,"column":6},"end":{"line":197,"column":7}},"32":{"start":{"line":195,"column":8},"end":{"line":195,"column":22}},"33":{"start":{"line":196,"column":8},"end":{"line":196,"column":15}},"34":{"start":{"line":198,"column":6},"end":{"line":201,"column":10}},"35":{"start":{"line":200,"column":10},"end":{"line":200,"column":27}},"36":{"start":{"line":246,"column":0},"end":{"line":268,"column":3}},"37":{"start":{"line":247,"column":2},"end":{"line":247,"column":26}},"38":{"start":{"line":248,"column":2},"end":{"line":248,"column":28}},"39":{"start":{"line":250,"column":2},"end":{"line":254,"column":3}},"40":{"start":{"line":251,"column":4},"end":{"line":253,"column":36}},"41":{"start":{"line":256,"column":2},"end":{"line":267,"column":7}},"42":{"start":{"line":258,"column":4},"end":{"line":261,"column":5}},"43":{"start":{"line":259,"column":6},"end":{"line":259,"column":26}},"44":{"start":{"line":260,"column":6},"end":{"line":260,"column":13}},"45":{"start":{"line":262,"column":4},"end":{"line":262,"column":53}},"46":{"start":{"line":263,"column":4},"end":{"line":263,"column":31}},"47":{"start":{"line":266,"column":6},"end":{"line":266,"column":26}},"48":{"start":{"line":292,"column":0},"end":{"line":310,"column":2}},"49":{"start":{"line":293,"column":2},"end":{"line":293,"column":27}},"50":{"start":{"line":295,"column":2},"end":{"line":297,"column":3}},"51":{"start":{"line":296,"column":4},"end":{"line":296,"column":31}},"52":{"start":{"line":299,"column":2},"end":{"line":309,"column":5}},"53":{"start":{"line":301,"column":4},"end":{"line":304,"column":7}},"54":{"start":{"line":302,"column":8},"end":{"line":302,"column":28}},"55":{"start":{"line":303,"column":8},"end":{"line":303,"column":15}},"56":{"start":{"line":305,"column":4},"end":{"line":305,"column":28}},"57":{"start":{"line":308,"column":6},"end":{"line":308,"column":32}},"58":{"start":{"line":312,"column":0},"end":{"line":312,"column":24}}},"branchMap":{"1":{"line":89,"type":"if","locations":[{"start":{"line":89,"column":6},"end":{"line":89,"column":6}},{"start":{"line":89,"column":6},"end":{"line":89,"column":6}}]},"2":{"line":89,"type":"binary-expr","locations":[{"start":{"line":89,"column":10},"end":{"line":89,"column":17}},{"start":{"line":89,"column":21},"end":{"line":89,"column":44}}]},"3":{"line":142,"type":"if","locations":[{"start":{"line":142,"column":2},"end":{"line":142,"column":2}},{"start":{"line":142,"column":2},"end":{"line":142,"column":2}}]},"4":{"line":194,"type":"if","locations":[{"start":{"line":194,"column":6},"end":{"line":194,"column":6}},{"start":{"line":194,"column":6},"end":{"line":194,"column":6}}]},"5":{"line":250,"type":"if","locations":[{"start":{"line":250,"column":2},"end":{"line":250,"column":2}},{"start":{"line":250,"column":2},"end":{"line":250,"column":2}}]},"6":{"line":258,"type":"if","locations":[{"start":{"line":258,"column":4},"end":{"line":258,"column":4}},{"start":{"line":258,"column":4},"end":{"line":258,"column":4}}]},"7":{"line":295,"type":"if","locations":[{"start":{"line":295,"column":2},"end":{"line":295,"column":2}},{"start":{"line":295,"column":2},"end":{"line":295,"column":2}}]},"8":{"line":301,"type":"if","locations":[{"start":{"line":301,"column":4},"end":{"line":301,"column":4}},{"start":{"line":301,"column":4},"end":{"line":301,"column":4}}]}}},"/Users/kurtis/g52/q2/q2-project/jitters/src/models/Coffee.js":{"path":"/Users/kurtis/g52/q2/q2-project/jitters/src/models/Coffee.js","s":{"1":1,"2":1,"3":1,"4":1,"5":2,"6":2,"7":1,"8":1,"9":1,"10":1,"11":1,"12":1,"13":0,"14":0,"15":0,"16":0,"17":0,"18":1},"b":{},"f":{"1":1,"2":2,"3":1,"4":1,"5":1,"6":0,"7":0},"fnMap":{"1":{"name":"(anonymous_1)","line":7,"loc":{"start":{"line":7,"column":11},"end":{"line":7,"column":14}}},"2":{"name":"(anonymous_2)","line":13,"loc":{"start":{"line":13,"column":15},"end":{"line":13,"column":20}}},"3":{"name":"(anonymous_3)","line":22,"loc":{"start":{"line":22,"column":11},"end":{"line":22,"column":20}}},"4":{"name":"(anonymous_4)","line":30,"loc":{"start":{"line":30,"column":14},"end":{"line":30,"column":23}}},"5":{"name":"(anonymous_5)","line":44,"loc":{"start":{"line":44,"column":14},"end":{"line":44,"column":19}}},"6":{"name":"(anonymous_6)","line":55,"loc":{"start":{"line":55,"column":23},"end":{"line":55,"column":44}}},"7":{"name":"(anonymous_7)","line":67,"loc":{"start":{"line":67,"column":23},"end":{"line":67,"column":29}}}},"statementMap":{"1":{"start":{"line":3,"column":0},"end":{"line":3,"column":38}},"2":{"start":{"line":4,"column":0},"end":{"line":4,"column":58}},"3":{"start":{"line":8,"column":4},"end":{"line":10,"column":46}},"4":{"start":{"line":10,"column":24},"end":{"line":10,"column":44}},"5":{"start":{"line":14,"column":4},"end":{"line":19,"column":9}},"6":{"start":{"line":18,"column":8},"end":{"line":18,"column":36}},"7":{"start":{"line":23,"column":4},"end":{"line":27,"column":9}},"8":{"start":{"line":26,"column":8},"end":{"line":26,"column":35}},"9":{"start":{"line":31,"column":4},"end":{"line":41,"column":9}},"10":{"start":{"line":40,"column":8},"end":{"line":40,"column":35}},"11":{"start":{"line":45,"column":4},"end":{"line":51,"column":9}},"12":{"start":{"line":50,"column":8},"end":{"line":50,"column":35}},"13":{"start":{"line":56,"column":4},"end":{"line":63,"column":9}},"14":{"start":{"line":61,"column":8},"end":{"line":61,"column":28}},"15":{"start":{"line":62,"column":8},"end":{"line":62,"column":36}},"16":{"start":{"line":68,"column":4},"end":{"line":70,"column":49}},"17":{"start":{"line":70,"column":24},"end":{"line":70,"column":47}},"18":{"start":{"line":74,"column":0},"end":{"line":74,"column":24}}},"branchMap":{}},"/Users/kurtis/g52/q2/q2-project/jitters/src/routes/users.js":{"path":"/Users/kurtis/g52/q2/q2-project/jitters/src/routes/users.js","s":{"1":1,"2":1,"3":1,"4":1,"5":1,"6":1,"7":1,"8":1,"9":1,"10":0,"11":0,"12":0,"13":0,"14":0,"15":0,"16":1,"17":0,"18":0,"19":0,"20":0,"21":0,"22":0,"23":0,"24":1,"25":1,"26":7,"27":7,"28":7,"29":35,"30":8,"31":8,"32":27,"33":7,"34":6,"35":6,"36":1,"37":0,"38":0,"39":1,"40":1,"41":1,"42":1,"43":1,"44":0,"45":0,"46":1,"47":0,"48":1,"49":1,"50":1,"51":1,"52":3,"53":1,"54":1,"55":1,"56":1,"57":1,"58":0,"59":0,"60":1,"61":0,"62":1},"b":{"1":[0,0],"2":[0,0],"3":[8,27],"4":[6,1],"5":[0,1],"6":[0,1],"7":[1,2],"8":[0,1]},"f":{},"fnMap":{},"statementMap":{"1":{"start":{"line":3,"column":0},"end":{"line":3,"column":35}},"2":{"start":{"line":4,"column":0},"end":{"line":4,"column":44}},"3":{"start":{"line":5,"column":0},"end":{"line":5,"column":35}},"4":{"start":{"line":6,"column":0},"end":{"line":6,"column":58}},"5":{"start":{"line":8,"column":0},"end":{"line":8,"column":42}},"6":{"start":{"line":9,"column":0},"end":{"line":9,"column":22}},"7":{"start":{"line":10,"column":0},"end":{"line":10,"column":25}},"8":{"start":{"line":12,"column":0},"end":{"line":12,"column":32}},"9":{"start":{"line":48,"column":0},"end":{"line":60,"column":3}},"10":{"start":{"line":49,"column":2},"end":{"line":59,"column":7}},"11":{"start":{"line":51,"column":6},"end":{"line":54,"column":7}},"12":{"start":{"line":52,"column":8},"end":{"line":52,"column":28}},"13":{"start":{"line":53,"column":8},"end":{"line":53,"column":15}},"14":{"start":{"line":55,"column":6},"end":{"line":55,"column":22}},"15":{"start":{"line":58,"column":6},"end":{"line":58,"column":26}},"16":{"start":{"line":89,"column":0},"end":{"line":102,"column":3}},"17":{"start":{"line":90,"column":2},"end":{"line":90,"column":27}},"18":{"start":{"line":91,"column":2},"end":{"line":101,"column":7}},"19":{"start":{"line":93,"column":6},"end":{"line":96,"column":7}},"20":{"start":{"line":94,"column":8},"end":{"line":94,"column":28}},"21":{"start":{"line":95,"column":8},"end":{"line":95,"column":15}},"22":{"start":{"line":97,"column":6},"end":{"line":97,"column":21}},"23":{"start":{"line":100,"column":6},"end":{"line":100,"column":26}},"24":{"start":{"line":104,"column":0},"end":{"line":110,"column":2}},"25":{"start":{"line":143,"column":0},"end":{"line":182,"column":3}},"26":{"start":{"line":144,"column":2},"end":{"line":144,"column":23}},"27":{"start":{"line":145,"column":2},"end":{"line":145,"column":20}},"28":{"start":{"line":146,"column":2},"end":{"line":152,"column":5}},"29":{"start":{"line":147,"column":4},"end":{"line":150,"column":5}},"30":{"start":{"line":148,"column":6},"end":{"line":148,"column":60}},"31":{"start":{"line":149,"column":6},"end":{"line":149,"column":13}},"32":{"start":{"line":151,"column":4},"end":{"line":151,"column":39}},"33":{"start":{"line":153,"column":2},"end":{"line":158,"column":3}},"34":{"start":{"line":154,"column":4},"end":{"line":156,"column":30}},"35":{"start":{"line":157,"column":4},"end":{"line":157,"column":11}},"36":{"start":{"line":160,"column":2},"end":{"line":165,"column":3}},"37":{"start":{"line":161,"column":4},"end":{"line":163,"column":59}},"38":{"start":{"line":164,"column":4},"end":{"line":164,"column":11}},"39":{"start":{"line":167,"column":2},"end":{"line":181,"column":5}},"40":{"start":{"line":168,"column":4},"end":{"line":168,"column":30}},"41":{"start":{"line":169,"column":4},"end":{"line":169,"column":46}},"42":{"start":{"line":170,"column":4},"end":{"line":177,"column":9}},"43":{"start":{"line":172,"column":8},"end":{"line":175,"column":9}},"44":{"start":{"line":173,"column":10},"end":{"line":173,"column":30}},"45":{"start":{"line":174,"column":10},"end":{"line":174,"column":17}},"46":{"start":{"line":176,"column":8},"end":{"line":176,"column":51}},"47":{"start":{"line":180,"column":4},"end":{"line":180,"column":24}},"48":{"start":{"line":211,"column":0},"end":{"line":234,"column":2}},"49":{"start":{"line":212,"column":2},"end":{"line":212,"column":60}},"50":{"start":{"line":213,"column":2},"end":{"line":213,"column":27}},"51":{"start":{"line":214,"column":2},"end":{"line":218,"column":5}},"52":{"start":{"line":215,"column":4},"end":{"line":217,"column":5}},"53":{"start":{"line":216,"column":6},"end":{"line":216,"column":45}},"54":{"start":{"line":219,"column":2},"end":{"line":219,"column":27}},"55":{"start":{"line":220,"column":2},"end":{"line":220,"column":37}},"56":{"start":{"line":222,"column":2},"end":{"line":233,"column":7}},"57":{"start":{"line":224,"column":6},"end":{"line":227,"column":7}},"58":{"start":{"line":225,"column":8},"end":{"line":225,"column":28}},"59":{"start":{"line":226,"column":8},"end":{"line":226,"column":15}},"60":{"start":{"line":228,"column":6},"end":{"line":229,"column":54}},"61":{"start":{"line":232,"column":6},"end":{"line":232,"column":26}},"62":{"start":{"line":236,"column":0},"end":{"line":236,"column":24}}},"branchMap":{"1":{"line":51,"type":"if","locations":[{"start":{"line":51,"column":6},"end":{"line":51,"column":6}},{"start":{"line":51,"column":6},"end":{"line":51,"column":6}}]},"2":{"line":93,"type":"if","locations":[{"start":{"line":93,"column":6},"end":{"line":93,"column":6}},{"start":{"line":93,"column":6},"end":{"line":93,"column":6}}]},"3":{"line":147,"type":"if","locations":[{"start":{"line":147,"column":4},"end":{"line":147,"column":4}},{"start":{"line":147,"column":4},"end":{"line":147,"column":4}}]},"4":{"line":153,"type":"if","locations":[{"start":{"line":153,"column":2},"end":{"line":153,"column":2}},{"start":{"line":153,"column":2},"end":{"line":153,"column":2}}]},"5":{"line":160,"type":"if","locations":[{"start":{"line":160,"column":2},"end":{"line":160,"column":2}},{"start":{"line":160,"column":2},"end":{"line":160,"column":2}}]},"6":{"line":172,"type":"if","locations":[{"start":{"line":172,"column":8},"end":{"line":172,"column":8}},{"start":{"line":172,"column":8},"end":{"line":172,"column":8}}]},"7":{"line":215,"type":"if","locations":[{"start":{"line":215,"column":4},"end":{"line":215,"column":4}},{"start":{"line":215,"column":4},"end":{"line":215,"column":4}}]},"8":{"line":224,"type":"if","locations":[{"start":{"line":224,"column":6},"end":{"line":224,"column":6}},{"start":{"line":224,"column":6},"end":{"line":224,"column":6}}]}}},"/Users/kurtis/g52/q2/q2-project/jitters/src/models/User.js":{"path":"/Users/kurtis/g52/q2/q2-project/jitters/src/models/User.js","s":{"1":1,"2":1,"3":1,"4":1,"5":1,"6":0,"7":0,"8":0,"9":0,"10":0,"11":0,"12":8,"13":8,"14":1,"15":1,"16":1,"17":1,"18":1,"19":1,"20":1},"b":{},"f":{"1":0,"2":0,"3":0,"4":8,"5":1,"6":1},"fnMap":{"1":{"name":"(anonymous_1)","line":11,"loc":{"start":{"line":11,"column":10},"end":{"line":11,"column":13}}},"2":{"name":"(anonymous_2)","line":18,"loc":{"start":{"line":18,"column":13},"end":{"line":18,"column":18}}},"3":{"name":"(anonymous_3)","line":28,"loc":{"start":{"line":28,"column":9},"end":{"line":28,"column":14}}},"4":{"name":"(anonymous_4)","line":38,"loc":{"start":{"line":38,"column":19},"end":{"line":38,"column":30}}},"5":{"name":"(anonymous_5)","line":48,"loc":{"start":{"line":48,"column":9},"end":{"line":48,"column":21}}},"6":{"name":"(anonymous_6)","line":58,"loc":{"start":{"line":58,"column":12},"end":{"line":58,"column":33}}}},"statementMap":{"1":{"start":{"line":3,"column":0},"end":{"line":3,"column":35}},"2":{"start":{"line":4,"column":0},"end":{"line":4,"column":44}},"3":{"start":{"line":5,"column":0},"end":{"line":5,"column":38}},"4":{"start":{"line":6,"column":0},"end":{"line":6,"column":58}},"5":{"start":{"line":8,"column":0},"end":{"line":8,"column":22}},"6":{"start":{"line":12,"column":4},"end":{"line":15,"column":46}},"7":{"start":{"line":15,"column":24},"end":{"line":15,"column":44}},"8":{"start":{"line":19,"column":4},"end":{"line":25,"column":9}},"9":{"start":{"line":24,"column":8},"end":{"line":24,"column":36}},"10":{"start":{"line":29,"column":4},"end":{"line":35,"column":9}},"11":{"start":{"line":34,"column":8},"end":{"line":34,"column":36}},"12":{"start":{"line":39,"column":4},"end":{"line":45,"column":9}},"13":{"start":{"line":44,"column":8},"end":{"line":44,"column":36}},"14":{"start":{"line":49,"column":4},"end":{"line":49,"column":69}},"15":{"start":{"line":50,"column":4},"end":{"line":55,"column":9}},"16":{"start":{"line":54,"column":8},"end":{"line":54,"column":39}},"17":{"start":{"line":59,"column":4},"end":{"line":59,"column":52}},"18":{"start":{"line":60,"column":4},"end":{"line":66,"column":9}},"19":{"start":{"line":65,"column":8},"end":{"line":65,"column":44}},"20":{"start":{"line":70,"column":0},"end":{"line":70,"column":22}}},"branchMap":{}},"/Users/kurtis/g52/q2/q2-project/jitters/src/routes/login.js":{"path":"/Users/kurtis/g52/q2/q2-project/jitters/src/routes/login.js","s":{"1":1,"2":1,"3":1,"4":1,"5":1,"6":1,"7":1,"8":1,"9":10,"10":10,"11":1,"12":9,"13":1,"14":8,"15":8,"16":2,"17":6,"18":6,"19":6,"20":0,"21":6,"22":6,"23":6,"24":0,"25":0,"26":1,"27":0,"28":0,"29":0,"30":0,"31":0,"32":0,"33":0,"34":0,"35":0,"36":1},"b":{"1":[1,9],"2":[1,8],"3":[2,6],"4":[0,6],"5":[0,0],"6":[0,0]},"f":{},"fnMap":{},"statementMap":{"1":{"start":{"line":3,"column":0},"end":{"line":3,"column":35}},"2":{"start":{"line":4,"column":0},"end":{"line":4,"column":33}},"3":{"start":{"line":5,"column":0},"end":{"line":5,"column":46}},"4":{"start":{"line":6,"column":0},"end":{"line":6,"column":39}},"5":{"start":{"line":7,"column":0},"end":{"line":7,"column":36}},"6":{"start":{"line":9,"column":0},"end":{"line":9,"column":32}},"7":{"start":{"line":11,"column":0},"end":{"line":11,"column":24}},"8":{"start":{"line":35,"column":0},"end":{"line":88,"column":3}},"9":{"start":{"line":36,"column":2},"end":{"line":36,"column":42}},"10":{"start":{"line":37,"column":2},"end":{"line":42,"column":3}},"11":{"start":{"line":38,"column":4},"end":{"line":41,"column":42}},"12":{"start":{"line":44,"column":2},"end":{"line":49,"column":3}},"13":{"start":{"line":45,"column":4},"end":{"line":48,"column":42}},"14":{"start":{"line":51,"column":2},"end":{"line":87,"column":7}},"15":{"start":{"line":54,"column":6},"end":{"line":59,"column":7}},"16":{"start":{"line":55,"column":8},"end":{"line":58,"column":44}},"17":{"start":{"line":60,"column":6},"end":{"line":65,"column":7}},"18":{"start":{"line":66,"column":6},"end":{"line":83,"column":11}},"19":{"start":{"line":68,"column":10},"end":{"line":73,"column":11}},"20":{"start":{"line":69,"column":12},"end":{"line":72,"column":48}},"21":{"start":{"line":74,"column":10},"end":{"line":74,"column":45}},"22":{"start":{"line":75,"column":10},"end":{"line":79,"column":13}},"23":{"start":{"line":76,"column":12},"end":{"line":78,"column":31}},"24":{"start":{"line":82,"column":10},"end":{"line":82,"column":30}},"25":{"start":{"line":86,"column":6},"end":{"line":86,"column":26}},"26":{"start":{"line":99,"column":0},"end":{"line":118,"column":3}},"27":{"start":{"line":100,"column":2},"end":{"line":105,"column":3}},"28":{"start":{"line":101,"column":4},"end":{"line":104,"column":21}},"29":{"start":{"line":106,"column":2},"end":{"line":106,"column":37}},"30":{"start":{"line":107,"column":2},"end":{"line":117,"column":5}},"31":{"start":{"line":108,"column":4},"end":{"line":110,"column":5}},"32":{"start":{"line":109,"column":6},"end":{"line":109,"column":26}},"33":{"start":{"line":111,"column":4},"end":{"line":111,"column":29}},"34":{"start":{"line":112,"column":4},"end":{"line":116,"column":7}},"35":{"start":{"line":113,"column":6},"end":{"line":115,"column":35}},"36":{"start":{"line":119,"column":0},"end":{"line":119,"column":24}}},"branchMap":{"1":{"line":37,"type":"if","locations":[{"start":{"line":37,"column":2},"end":{"line":37,"column":2}},{"start":{"line":37,"column":2},"end":{"line":37,"column":2}}]},"2":{"line":44,"type":"if","locations":[{"start":{"line":44,"column":2},"end":{"line":44,"column":2}},{"start":{"line":44,"column":2},"end":{"line":44,"column":2}}]},"3":{"line":54,"type":"if","locations":[{"start":{"line":54,"column":6},"end":{"line":54,"column":6}},{"start":{"line":54,"column":6},"end":{"line":54,"column":6}}]},"4":{"line":68,"type":"if","locations":[{"start":{"line":68,"column":10},"end":{"line":68,"column":10}},{"start":{"line":68,"column":10},"end":{"line":68,"column":10}}]},"5":{"line":100,"type":"if","locations":[{"start":{"line":100,"column":2},"end":{"line":100,"column":2}},{"start":{"line":100,"column":2},"end":{"line":100,"column":2}}]},"6":{"line":108,"type":"if","locations":[{"start":{"line":108,"column":4},"end":{"line":108,"column":4}},{"start":{"line":108,"column":4},"end":{"line":108,"column":4}}]}}},"/Users/kurtis/g52/q2/q2-project/jitters/db/migrations/01_countries.js":{"path":"/Users/kurtis/g52/q2/q2-project/jitters/db/migrations/01_countries.js","s":{"1":1,"2":46,"3":46,"4":46,"5":46,"6":46,"7":46,"8":1,"9":46},"b":{},"f":{"1":46,"2":46},"fnMap":{"1":{"name":"(anonymous_1)","line":3,"loc":{"start":{"line":3,"column":13},"end":{"line":3,"column":28}}},"2":{"name":"(anonymous_2)","line":13,"loc":{"start":{"line":13,"column":15},"end":{"line":13,"column":30}}}},"statementMap":{"1":{"start":{"line":3,"column":0},"end":{"line":11,"column":2}},"2":{"start":{"line":4,"column":2},"end":{"line":10,"column":5}},"3":{"start":{"line":5,"column":4},"end":{"line":5,"column":37}},"4":{"start":{"line":6,"column":4},"end":{"line":6,"column":53}},"5":{"start":{"line":7,"column":4},"end":{"line":7,"column":32}},"6":{"start":{"line":8,"column":4},"end":{"line":8,"column":33}},"7":{"start":{"line":9,"column":4},"end":{"line":9,"column":33}},"8":{"start":{"line":13,"column":0},"end":{"line":15,"column":1}},"9":{"start":{"line":14,"column":2},"end":{"line":14,"column":44}}},"branchMap":{}},"/Users/kurtis/g52/q2/q2-project/jitters/db/migrations/02_producers.js":{"path":"/Users/kurtis/g52/q2/q2-project/jitters/db/migrations/02_producers.js","s":{"1":1,"2":46,"3":46,"4":46,"5":46,"6":46,"7":1,"8":46},"b":{},"f":{"1":46,"2":46},"fnMap":{"1":{"name":"(anonymous_1)","line":3,"loc":{"start":{"line":3,"column":13},"end":{"line":3,"column":28}}},"2":{"name":"(anonymous_2)","line":12,"loc":{"start":{"line":12,"column":15},"end":{"line":12,"column":30}}}},"statementMap":{"1":{"start":{"line":3,"column":0},"end":{"line":10,"column":2}},"2":{"start":{"line":4,"column":2},"end":{"line":9,"column":5}},"3":{"start":{"line":5,"column":4},"end":{"line":5,"column":37}},"4":{"start":{"line":6,"column":4},"end":{"line":6,"column":93}},"5":{"start":{"line":7,"column":4},"end":{"line":7,"column":53}},"6":{"start":{"line":8,"column":4},"end":{"line":8,"column":33}},"7":{"start":{"line":12,"column":0},"end":{"line":14,"column":1}},"8":{"start":{"line":13,"column":2},"end":{"line":13,"column":44}}},"branchMap":{}},"/Users/kurtis/g52/q2/q2-project/jitters/db/migrations/03_regions.js":{"path":"/Users/kurtis/g52/q2/q2-project/jitters/db/migrations/03_regions.js","s":{"1":1,"2":46,"3":46,"4":46,"5":46,"6":46,"7":46,"8":46,"9":1,"10":46},"b":{},"f":{"1":46,"2":46},"fnMap":{"1":{"name":"(anonymous_1)","line":3,"loc":{"start":{"line":3,"column":13},"end":{"line":3,"column":28}}},"2":{"name":"(anonymous_2)","line":14,"loc":{"start":{"line":14,"column":15},"end":{"line":14,"column":30}}}},"statementMap":{"1":{"start":{"line":3,"column":0},"end":{"line":12,"column":2}},"2":{"start":{"line":4,"column":2},"end":{"line":11,"column":5}},"3":{"start":{"line":5,"column":4},"end":{"line":5,"column":37}},"4":{"start":{"line":6,"column":4},"end":{"line":6,"column":59}},"5":{"start":{"line":7,"column":4},"end":{"line":7,"column":53}},"6":{"start":{"line":8,"column":4},"end":{"line":8,"column":32}},"7":{"start":{"line":9,"column":4},"end":{"line":9,"column":33}},"8":{"start":{"line":10,"column":4},"end":{"line":10,"column":33}},"9":{"start":{"line":14,"column":0},"end":{"line":16,"column":1}},"10":{"start":{"line":15,"column":2},"end":{"line":15,"column":42}}},"branchMap":{}},"/Users/kurtis/g52/q2/q2-project/jitters/db/migrations/04_coffee.js":{"path":"/Users/kurtis/g52/q2/q2-project/jitters/db/migrations/04_coffee.js","s":{"1":1,"2":46,"3":46,"4":46,"5":46,"6":46,"7":46,"8":46,"9":46,"10":1,"11":46},"b":{},"f":{"1":46,"2":46},"fnMap":{"1":{"name":"(anonymous_1)","line":3,"loc":{"start":{"line":3,"column":13},"end":{"line":3,"column":28}}},"2":{"name":"(anonymous_2)","line":15,"loc":{"start":{"line":15,"column":15},"end":{"line":15,"column":30}}}},"statementMap":{"1":{"start":{"line":3,"column":0},"end":{"line":13,"column":2}},"2":{"start":{"line":4,"column":2},"end":{"line":12,"column":5}},"3":{"start":{"line":5,"column":4},"end":{"line":5,"column":37}},"4":{"start":{"line":6,"column":4},"end":{"line":6,"column":94}},"5":{"start":{"line":7,"column":4},"end":{"line":7,"column":53}},"6":{"start":{"line":8,"column":4},"end":{"line":8,"column":63}},"7":{"start":{"line":9,"column":4},"end":{"line":9,"column":58}},"8":{"start":{"line":10,"column":4},"end":{"line":10,"column":58}},"9":{"start":{"line":11,"column":4},"end":{"line":11,"column":33}},"10":{"start":{"line":15,"column":0},"end":{"line":17,"column":2}},"11":{"start":{"line":16,"column":2},"end":{"line":16,"column":41}}},"branchMap":{}},"/Users/kurtis/g52/q2/q2-project/jitters/db/migrations/05_coffee_regions.js":{"path":"/Users/kurtis/g52/q2/q2-project/jitters/db/migrations/05_coffee_regions.js","s":{"1":1,"2":46,"3":46,"4":46,"5":46,"6":46,"7":1,"8":46},"b":{},"f":{"1":46,"2":46},"fnMap":{"1":{"name":"(anonymous_1)","line":3,"loc":{"start":{"line":3,"column":13},"end":{"line":3,"column":28}}},"2":{"name":"(anonymous_2)","line":12,"loc":{"start":{"line":12,"column":15},"end":{"line":12,"column":30}}}},"statementMap":{"1":{"start":{"line":3,"column":0},"end":{"line":10,"column":2}},"2":{"start":{"line":4,"column":2},"end":{"line":9,"column":5}},"3":{"start":{"line":5,"column":4},"end":{"line":5,"column":37}},"4":{"start":{"line":6,"column":4},"end":{"line":6,"column":89}},"5":{"start":{"line":7,"column":4},"end":{"line":7,"column":90}},"6":{"start":{"line":8,"column":4},"end":{"line":8,"column":33}},"7":{"start":{"line":12,"column":0},"end":{"line":14,"column":1}},"8":{"start":{"line":13,"column":2},"end":{"line":13,"column":49}}},"branchMap":{}},"/Users/kurtis/g52/q2/q2-project/jitters/db/migrations/06_users.js":{"path":"/Users/kurtis/g52/q2/q2-project/jitters/db/migrations/06_users.js","s":{"1":1,"2":46,"3":46,"4":46,"5":46,"6":46,"7":46,"8":46,"9":46,"10":46,"11":1,"12":46},"b":{},"f":{"1":46,"2":46},"fnMap":{"1":{"name":"(anonymous_1)","line":3,"loc":{"start":{"line":3,"column":13},"end":{"line":3,"column":28}}},"2":{"name":"(anonymous_2)","line":16,"loc":{"start":{"line":16,"column":15},"end":{"line":16,"column":30}}}},"statementMap":{"1":{"start":{"line":3,"column":0},"end":{"line":14,"column":2}},"2":{"start":{"line":4,"column":2},"end":{"line":13,"column":5}},"3":{"start":{"line":5,"column":4},"end":{"line":5,"column":37}},"4":{"start":{"line":6,"column":4},"end":{"line":6,"column":59}},"5":{"start":{"line":7,"column":4},"end":{"line":7,"column":58}},"6":{"start":{"line":8,"column":4},"end":{"line":8,"column":49}},"7":{"start":{"line":9,"column":4},"end":{"line":9,"column":56}},"8":{"start":{"line":10,"column":4},"end":{"line":10,"column":68}},"9":{"start":{"line":11,"column":4},"end":{"line":11,"column":65}},"10":{"start":{"line":12,"column":4},"end":{"line":12,"column":33}},"11":{"start":{"line":16,"column":0},"end":{"line":18,"column":2}},"12":{"start":{"line":17,"column":2},"end":{"line":17,"column":40}}},"branchMap":{}},"/Users/kurtis/g52/q2/q2-project/jitters/db/migrations/07_favorites.js":{"path":"/Users/kurtis/g52/q2/q2-project/jitters/db/migrations/07_favorites.js","s":{"1":1,"2":46,"3":46,"4":46,"5":46,"6":46,"7":1,"8":46},"b":{},"f":{"1":46,"2":46},"fnMap":{"1":{"name":"(anonymous_1)","line":3,"loc":{"start":{"line":3,"column":13},"end":{"line":3,"column":28}}},"2":{"name":"(anonymous_2)","line":12,"loc":{"start":{"line":12,"column":15},"end":{"line":12,"column":30}}}},"statementMap":{"1":{"start":{"line":3,"column":0},"end":{"line":10,"column":2}},"2":{"start":{"line":4,"column":2},"end":{"line":9,"column":5}},"3":{"start":{"line":5,"column":4},"end":{"line":5,"column":37}},"4":{"start":{"line":6,"column":4},"end":{"line":6,"column":86}},"5":{"start":{"line":7,"column":4},"end":{"line":7,"column":89}},"6":{"start":{"line":8,"column":4},"end":{"line":8,"column":33}},"7":{"start":{"line":12,"column":0},"end":{"line":14,"column":1}},"8":{"start":{"line":13,"column":2},"end":{"line":13,"column":44}}},"branchMap":{}},"/Users/kurtis/g52/q2/q2-project/jitters/db/seeds/development/01_countries.js":{"path":"/Users/kurtis/g52/q2/q2-project/jitters/db/seeds/development/01_countries.js","s":{"1":1,"2":46,"3":46,"4":46},"b":{},"f":{"1":46,"2":46},"fnMap":{"1":{"name":"(anonymous_1)","line":2,"loc":{"start":{"line":2,"column":15},"end":{"line":2,"column":39}}},"2":{"name":"(anonymous_2)","line":5,"loc":{"start":{"line":5,"column":10},"end":{"line":5,"column":22}}}},"statementMap":{"1":{"start":{"line":2,"column":0},"end":{"line":37,"column":2}},"2":{"start":{"line":4,"column":2},"end":{"line":36,"column":7}},"3":{"start":{"line":7,"column":6},"end":{"line":35,"column":9}},"4":{"start":{"line":34,"column":8},"end":{"line":34,"column":95}}},"branchMap":{}},"/Users/kurtis/g52/q2/q2-project/jitters/db/seeds/development/02_producers.js":{"path":"/Users/kurtis/g52/q2/q2-project/jitters/db/seeds/development/02_producers.js","s":{"1":1,"2":46,"3":46,"4":46},"b":{},"f":{"1":46,"2":46},"fnMap":{"1":{"name":"(anonymous_1)","line":2,"loc":{"start":{"line":2,"column":15},"end":{"line":2,"column":39}}},"2":{"name":"(anonymous_2)","line":5,"loc":{"start":{"line":5,"column":10},"end":{"line":5,"column":22}}}},"statementMap":{"1":{"start":{"line":2,"column":0},"end":{"line":27,"column":2}},"2":{"start":{"line":4,"column":2},"end":{"line":26,"column":7}},"3":{"start":{"line":7,"column":6},"end":{"line":25,"column":9}},"4":{"start":{"line":24,"column":8},"end":{"line":24,"column":95}}},"branchMap":{}},"/Users/kurtis/g52/q2/q2-project/jitters/db/seeds/development/03_regions.js":{"path":"/Users/kurtis/g52/q2/q2-project/jitters/db/seeds/development/03_regions.js","s":{"1":1,"2":46,"3":46,"4":46},"b":{},"f":{"1":46,"2":46},"fnMap":{"1":{"name":"(anonymous_1)","line":1,"loc":{"start":{"line":1,"column":15},"end":{"line":1,"column":39}}},"2":{"name":"(anonymous_2)","line":4,"loc":{"start":{"line":4,"column":10},"end":{"line":4,"column":21}}}},"statementMap":{"1":{"start":{"line":1,"column":0},"end":{"line":47,"column":2}},"2":{"start":{"line":3,"column":2},"end":{"line":46,"column":7}},"3":{"start":{"line":6,"column":6},"end":{"line":45,"column":11}},"4":{"start":{"line":44,"column":10},"end":{"line":44,"column":93}}},"branchMap":{}},"/Users/kurtis/g52/q2/q2-project/jitters/db/seeds/development/04_coffee.js":{"path":"/Users/kurtis/g52/q2/q2-project/jitters/db/seeds/development/04_coffee.js","s":{"1":1,"2":46,"3":46,"4":46},"b":{},"f":{"1":46,"2":46},"fnMap":{"1":{"name":"(anonymous_1)","line":2,"loc":{"start":{"line":2,"column":15},"end":{"line":2,"column":39}}},"2":{"name":"(anonymous_2)","line":5,"loc":{"start":{"line":5,"column":10},"end":{"line":5,"column":22}}}},"statementMap":{"1":{"start":{"line":2,"column":0},"end":{"line":52,"column":2}},"2":{"start":{"line":4,"column":2},"end":{"line":51,"column":7}},"3":{"start":{"line":7,"column":6},"end":{"line":50,"column":11}},"4":{"start":{"line":49,"column":10},"end":{"line":49,"column":91}}},"branchMap":{}},"/Users/kurtis/g52/q2/q2-project/jitters/db/seeds/development/05_coffee_regions.js":{"path":"/Users/kurtis/g52/q2/q2-project/jitters/db/seeds/development/05_coffee_regions.js","s":{"1":1,"2":46,"3":46,"4":46},"b":{},"f":{"1":46,"2":46},"fnMap":{"1":{"name":"(anonymous_1)","line":2,"loc":{"start":{"line":2,"column":15},"end":{"line":2,"column":39}}},"2":{"name":"(anonymous_2)","line":5,"loc":{"start":{"line":5,"column":10},"end":{"line":5,"column":22}}}},"statementMap":{"1":{"start":{"line":2,"column":0},"end":{"line":40,"column":2}},"2":{"start":{"line":4,"column":2},"end":{"line":39,"column":7}},"3":{"start":{"line":7,"column":6},"end":{"line":38,"column":11}},"4":{"start":{"line":37,"column":10},"end":{"line":37,"column":107}}},"branchMap":{}},"/Users/kurtis/g52/q2/q2-project/jitters/db/seeds/development/06_users.js":{"path":"/Users/kurtis/g52/q2/q2-project/jitters/db/seeds/development/06_users.js","s":{"1":1,"2":46,"3":46,"4":46},"b":{},"f":{"1":46,"2":46},"fnMap":{"1":{"name":"(anonymous_1)","line":2,"loc":{"start":{"line":2,"column":15},"end":{"line":2,"column":39}}},"2":{"name":"(anonymous_2)","line":5,"loc":{"start":{"line":5,"column":10},"end":{"line":5,"column":22}}}},"statementMap":{"1":{"start":{"line":2,"column":0},"end":{"line":35,"column":2}},"2":{"start":{"line":4,"column":2},"end":{"line":34,"column":7}},"3":{"start":{"line":6,"column":6},"end":{"line":33,"column":9}},"4":{"start":{"line":32,"column":8},"end":{"line":32,"column":87}}},"branchMap":{}},"/Users/kurtis/g52/q2/q2-project/jitters/db/seeds/development/07_favorites.js":{"path":"/Users/kurtis/g52/q2/q2-project/jitters/db/seeds/development/07_favorites.js","s":{"1":1,"2":46,"3":46,"4":46},"b":{},"f":{"1":46,"2":46},"fnMap":{"1":{"name":"(anonymous_1)","line":2,"loc":{"start":{"line":2,"column":15},"end":{"line":2,"column":39}}},"2":{"name":"(anonymous_2)","line":5,"loc":{"start":{"line":5,"column":10},"end":{"line":5,"column":22}}}},"statementMap":{"1":{"start":{"line":2,"column":0},"end":{"line":19,"column":2}},"2":{"start":{"line":4,"column":2},"end":{"line":18,"column":7}},"3":{"start":{"line":7,"column":6},"end":{"line":17,"column":11}},"4":{"start":{"line":16,"column":10},"end":{"line":16,"column":97}}},"branchMap":{}}}