TN:
SF:/Users/kurtis/g52/q2/q2-project/jitters/knex.js
FNF:0
FNH:0
DA:1,1
DA:2,1
DA:3,1
DA:5,1
LF:4
LH:4
BRDA:1,1,0,1
BRDA:1,1,1,0
BRF:2
BRH:1
end_of_record
TN:
SF:/Users/kurtis/g52/q2/q2-project/jitters/knexfile.js
FNF:0
FNH:0
DA:3,1
LF:1
LH:1
BRF:0
BRH:0
end_of_record
TN:
SF:/Users/kurtis/g52/q2/q2-project/jitters/index.js
FNF:0
FNH:0
DA:3,1
DA:4,1
DA:7,1
DA:8,1
DA:9,1
DA:10,1
DA:11,1
DA:13,1
DA:15,1
DA:16,1
DA:17,1
DA:20,1
DA:21,1
DA:22,1
DA:23,1
DA:24,1
DA:25,1
DA:27,1
DA:28,1
DA:29,1
DA:30,1
DA:31,1
DA:32,1
DA:34,1
DA:35,1
DA:39,1
DA:40,0
DA:41,0
DA:48,0
DA:49,0
DA:53,1
DA:55,1
DA:57,1
DA:58,1
DA:61,1
LF:35
LH:31
BRDA:3,1,0,1
BRDA:3,1,1,0
BRDA:40,2,0,0
BRDA:40,2,1,0
BRDA:40,3,0,0
BRDA:40,3,1,0
BRDA:53,4,0,1
BRDA:53,4,1,1
BRDA:55,5,0,1
BRDA:55,5,1,0
BRF:10
BRH:4
end_of_record
TN:
SF:/Users/kurtis/g52/q2/q2-project/jitters/src/routes/countries.js
FNF:0
FNH:0
DA:3,1
DA:4,1
DA:6,1
DA:8,1
DA:10,1
DA:38,1
DA:39,1
DA:41,1
DA:42,0
DA:43,0
DA:45,1
DA:48,0
DA:91,1
DA:92,1
DA:93,1
DA:95,1
DA:96,0
DA:97,0
DA:99,1
DA:102,0
DA:106,1
LF:21
LH:15
BRDA:41,1,0,0
BRDA:41,1,1,1
BRDA:95,2,0,0
BRDA:95,2,1,1
BRF:4
BRH:2
end_of_record
TN:
SF:/Users/kurtis/g52/q2/q2-project/jitters/src/models/Country.js
FN:7,(anonymous_1)
FN:13,(anonymous_2)
FNF:2
FNH:2
FNDA:1,(anonymous_1)
FNDA:1,(anonymous_2)
DA:3,1
DA:4,1
DA:8,1
DA:10,1
DA:14,1
DA:21,1
DA:26,1
LF:7
LH:7
BRF:0
BRH:0
end_of_record
TN:
SF:/Users/kurtis/g52/q2/q2-project/jitters/src/routes/regions.js
FNF:0
FNH:0
DA:3,1
DA:4,1
DA:5,1
DA:7,1
DA:8,1
DA:9,1
DA:11,1
DA:37,1
DA:38,1
DA:40,1
DA:43,0
DA:85,1
DA:86,2
DA:88,2
DA:89,1
DA:92,1
DA:94,1
DA:97,0
DA:130,1
DA:131,4
DA:133,4
DA:134,0
DA:135,0
DA:136,0
DA:139,4
DA:141,4
DA:144,4
DA:145,2
DA:146,2
DA:148,4
DA:149,1
DA:150,1
DA:152,4
DA:154,4
DA:155,4
DA:158,0
DA:162,0
DA:198,1
DA:199,1
DA:200,1
DA:202,1
DA:203,0
DA:204,0
DA:205,0
DA:208,1
DA:210,1
DA:213,1
DA:214,0
DA:215,0
DA:217,1
DA:218,1
DA:219,1
DA:221,1
DA:223,1
DA:224,1
DA:227,0
DA:231,0
DA:235,1
LF:58
LH:44
BRDA:88,1,0,1
BRDA:88,1,1,1
BRDA:133,2,0,0
BRDA:133,2,1,4
BRDA:144,3,0,2
BRDA:144,3,1,2
BRDA:144,4,0,4
BRDA:144,4,1,2
BRDA:144,4,2,0
BRDA:148,5,0,1
BRDA:148,5,1,3
BRDA:148,6,0,4
BRDA:148,6,1,1
BRDA:148,6,2,3
BRDA:148,6,3,2
BRDA:202,7,0,0
BRDA:202,7,1,1
BRDA:213,8,0,0
BRDA:213,8,1,1
BRDA:213,9,0,1
BRDA:213,9,1,0
BRDA:213,9,2,0
BRDA:217,10,0,1
BRDA:217,10,1,0
BRDA:217,11,0,1
BRDA:217,11,1,0
BRDA:217,11,2,1
BRDA:217,11,3,0
BRF:28
BRH:19
end_of_record
TN:
SF:/Users/kurtis/g52/q2/q2-project/jitters/src/models/Region.js
FN:10,(anonymous_1)
FN:16,(anonymous_2)
FN:28,(anonymous_3)
FN:36,(anonymous_4)
FNF:4
FNH:4
FNDA:1,(anonymous_1)
FNDA:1,(anonymous_2)
FNDA:4,(anonymous_3)
FNDA:1,(anonymous_4)
DA:3,1
DA:4,1
DA:5,1
DA:11,1
DA:13,1
DA:17,1
DA:24,1
DA:29,4
DA:32,4
DA:37,1
DA:45,1
DA:51,1
LF:12
LH:12
BRF:0
BRH:0
end_of_record
TN:
SF:/Users/kurtis/g52/q2/q2-project/jitters/src/routes/producers.js
FNF:0
FNH:0
DA:3,1
DA:5,1
DA:6,1
DA:7,1
DA:9,1
DA:11,1
DA:13,1
DA:39,1
DA:40,1
DA:42,1
DA:43,0
DA:44,0
DA:46,1
DA:49,0
DA:76,1
DA:77,2
DA:78,2
DA:80,2
DA:81,1
DA:82,1
DA:84,1
DA:87,0
DA:122,1
DA:123,1
DA:125,1
DA:126,0
DA:132,1
DA:133,0
DA:139,1
DA:141,1
DA:142,0
DA:143,0
DA:145,1
DA:148,0
DA:174,1
DA:175,1
DA:176,1
DA:178,1
DA:179,0
DA:182,1
DA:184,1
DA:185,0
DA:187,1
DA:190,0
DA:194,1
LF:45
LH:33
BRDA:42,1,0,0
BRDA:42,1,1,1
BRDA:80,2,0,1
BRDA:80,2,1,1
BRDA:125,3,0,0
BRDA:125,3,1,1
BRDA:132,4,0,0
BRDA:132,4,1,1
BRDA:141,5,0,0
BRDA:141,5,1,1
BRDA:178,6,0,0
BRDA:178,6,1,1
BRDA:178,7,0,1
BRDA:178,7,1,1
BRDA:184,8,0,0
BRDA:184,8,1,1
BRF:16
BRH:10
end_of_record
TN:
SF:/Users/kurtis/g52/q2/q2-project/jitters/src/routes/access.js
FN:6,hasToken
FN:15,isLoggedIn
FN:27,isAdministrator
FNF:3
FNH:2
FNDA:2,hasToken
FNDA:2,isLoggedIn
FNDA:0,isAdministrator
DA:2,1
DA:3,1
DA:6,1
DA:7,2
DA:8,0
DA:10,2
DA:15,1
DA:16,2
DA:17,2
DA:18,0
DA:20,2
DA:27,1
DA:28,0
DA:29,0
DA:30,0
DA:32,0
DA:37,1
LF:17
LH:11
BRDA:7,1,0,0
BRDA:7,1,1,2
BRDA:17,2,0,0
BRDA:17,2,1,2
BRDA:17,3,0,2
BRDA:17,3,1,2
BRDA:29,4,0,0
BRDA:29,4,1,0
BRDA:29,5,0,0
BRDA:29,5,1,0
BRF:10
BRH:4
end_of_record
TN:
SF:/Users/kurtis/g52/q2/q2-project/jitters/src/models/Producer.js
FN:8,(anonymous_1)
FN:14,(anonymous_2)
FN:33,(anonymous_3)
FN:41,(anonymous_4)
FNF:4
FNH:4
FNDA:1,(anonymous_1)
FNDA:2,(anonymous_2)
FNDA:1,(anonymous_3)
FNDA:1,(anonymous_4)
DA:3,1
DA:4,1
DA:9,1
DA:11,1
DA:15,2
DA:23,2
DA:34,1
DA:37,1
DA:42,1
DA:44,1
DA:48,1
DA:49,1
DA:52,1
DA:57,1
LF:14
LH:14
BRDA:48,1,0,0
BRDA:48,1,1,1
BRF:2
BRH:1
end_of_record
TN:
SF:/Users/kurtis/g52/q2/q2-project/jitters/src/routes/coffee.js
FNF:0
FNH:0
DA:3,1
DA:4,1
DA:5,1
DA:7,1
DA:9,1
DA:11,1
DA:42,1
DA:43,1
DA:45,1
DA:48,0
DA:85,1
DA:86,2
DA:87,2
DA:89,2
DA:90,1
DA:91,1
DA:93,1
DA:96,0
DA:139,1
DA:140,1
DA:142,1
DA:143,0
DA:148,1
DA:150,1
DA:151,1
DA:154,0
DA:188,1
DA:189,0
DA:190,0
DA:192,0
DA:194,0
DA:195,0
DA:196,0
DA:198,0
DA:200,0
DA:246,1
DA:247,2
DA:248,2
DA:250,2
DA:251,1
DA:256,1
DA:258,1
DA:259,0
DA:260,0
DA:262,1
DA:263,1
DA:266,0
DA:292,1
DA:293,1
DA:295,1
DA:296,0
DA:299,1
DA:301,1
DA:302,0
DA:303,0
DA:305,1
DA:308,0
DA:312,1
LF:58
LH:39
BRDA:89,1,0,1
BRDA:89,1,1,1
BRDA:89,2,0,2
BRDA:89,2,1,1
BRDA:142,3,0,0
BRDA:142,3,1,1
BRDA:194,4,0,0
BRDA:194,4,1,0
BRDA:250,5,0,1
BRDA:250,5,1,1
BRDA:258,6,0,0
BRDA:258,6,1,1
BRDA:295,7,0,0
BRDA:295,7,1,1
BRDA:301,8,0,0
BRDA:301,8,1,1
BRF:16
BRH:10
end_of_record
TN:
SF:/Users/kurtis/g52/q2/q2-project/jitters/src/models/Coffee.js
FN:7,(anonymous_1)
FN:13,(anonymous_2)
FN:22,(anonymous_3)
FN:30,(anonymous_4)
FN:44,(anonymous_5)
FN:55,(anonymous_6)
FN:67,(anonymous_7)
FNF:7
FNH:5
FNDA:1,(anonymous_1)
FNDA:2,(anonymous_2)
FNDA:1,(anonymous_3)
FNDA:1,(anonymous_4)
FNDA:1,(anonymous_5)
FNDA:0,(anonymous_6)
FNDA:0,(anonymous_7)
DA:3,1
DA:4,1
DA:8,1
DA:10,1
DA:14,2
DA:18,2
DA:23,1
DA:26,1
DA:31,1
DA:40,1
DA:45,1
DA:50,1
DA:56,0
DA:61,0
DA:62,0
DA:68,0
DA:70,0
DA:74,1
LF:18
LH:13
BRF:0
BRH:0
end_of_record
TN:
SF:/Users/kurtis/g52/q2/q2-project/jitters/src/routes/users.js
FNF:0
FNH:0
DA:3,1
DA:4,1
DA:5,1
DA:6,1
DA:8,1
DA:9,1
DA:10,1
DA:12,1
DA:48,1
DA:49,0
DA:51,0
DA:52,0
DA:53,0
DA:55,0
DA:58,0
DA:89,1
DA:90,0
DA:91,0
DA:93,0
DA:94,0
DA:95,0
DA:97,0
DA:100,0
DA:104,1
DA:143,1
DA:144,7
DA:145,7
DA:146,7
DA:147,35
DA:148,8
DA:149,8
DA:151,27
DA:153,7
DA:154,6
DA:157,6
DA:160,1
DA:161,0
DA:164,0
DA:167,1
DA:168,1
DA:169,1
DA:170,1
DA:172,1
DA:173,0
DA:174,0
DA:176,1
DA:180,0
DA:211,1
DA:212,1
DA:213,1
DA:214,1
DA:215,3
DA:216,1
DA:219,1
DA:220,1
DA:222,1
DA:224,1
DA:225,0
DA:226,0
DA:228,1
DA:232,0
DA:236,1
LF:62
LH:41
BRDA:51,1,0,0
BRDA:51,1,1,0
BRDA:93,2,0,0
BRDA:93,2,1,0
BRDA:147,3,0,8
BRDA:147,3,1,27
BRDA:153,4,0,6
BRDA:153,4,1,1
BRDA:160,5,0,0
BRDA:160,5,1,1
BRDA:172,6,0,0
BRDA:172,6,1,1
BRDA:215,7,0,1
BRDA:215,7,1,2
BRDA:224,8,0,0
BRDA:224,8,1,1
BRF:16
BRH:9
end_of_record
TN:
SF:/Users/kurtis/g52/q2/q2-project/jitters/src/models/User.js
FN:11,(anonymous_1)
FN:18,(anonymous_2)
FN:28,(anonymous_3)
FN:38,(anonymous_4)
FN:48,(anonymous_5)
FN:58,(anonymous_6)
FNF:6
FNH:3
FNDA:0,(anonymous_1)
FNDA:0,(anonymous_2)
FNDA:0,(anonymous_3)
FNDA:8,(anonymous_4)
FNDA:1,(anonymous_5)
FNDA:1,(anonymous_6)
DA:3,1
DA:4,1
DA:5,1
DA:6,1
DA:8,1
DA:12,0
DA:15,0
DA:19,0
DA:24,0
DA:29,0
DA:34,0
DA:39,8
DA:44,8
DA:49,1
DA:50,1
DA:54,1
DA:59,1
DA:60,1
DA:65,1
DA:70,1
LF:20
LH:14
BRF:0
BRH:0
end_of_record
TN:
SF:/Users/kurtis/g52/q2/q2-project/jitters/src/routes/login.js
FNF:0
FNH:0
DA:3,1
DA:4,1
DA:5,1
DA:6,1
DA:7,1
DA:9,1
DA:11,1
DA:35,1
DA:36,10
DA:37,10
DA:38,1
DA:44,9
DA:45,1
DA:51,8
DA:54,8
DA:55,2
DA:60,6
DA:66,6
DA:68,6
DA:69,0
DA:74,6
DA:75,6
DA:76,6
DA:82,0
DA:86,0
DA:99,1
DA:100,0
DA:101,0
DA:106,0
DA:107,0
DA:108,0
DA:109,0
DA:111,0
DA:112,0
DA:113,0
DA:119,1
LF:36
LH:24
BRDA:37,1,0,1
BRDA:37,1,1,9
BRDA:44,2,0,1
BRDA:44,2,1,8
BRDA:54,3,0,2
BRDA:54,3,1,6
BRDA:68,4,0,0
BRDA:68,4,1,6
BRDA:100,5,0,0
BRDA:100,5,1,0
BRDA:108,6,0,0
BRDA:108,6,1,0
BRF:12
BRH:7
end_of_record
TN:
SF:/Users/kurtis/g52/q2/q2-project/jitters/db/migrations/01_countries.js
FN:3,(anonymous_1)
FN:13,(anonymous_2)
FNF:2
FNH:2
FNDA:46,(anonymous_1)
FNDA:46,(anonymous_2)
DA:3,1
DA:4,46
DA:5,46
DA:6,46
DA:7,46
DA:8,46
DA:9,46
DA:13,1
DA:14,46
LF:9
LH:9
BRF:0
BRH:0
end_of_record
TN:
SF:/Users/kurtis/g52/q2/q2-project/jitters/db/migrations/02_producers.js
FN:3,(anonymous_1)
FN:12,(anonymous_2)
FNF:2
FNH:2
FNDA:46,(anonymous_1)
FNDA:46,(anonymous_2)
DA:3,1
DA:4,46
DA:5,46
DA:6,46
DA:7,46
DA:8,46
DA:12,1
DA:13,46
LF:8
LH:8
BRF:0
BRH:0
end_of_record
TN:
SF:/Users/kurtis/g52/q2/q2-project/jitters/db/migrations/03_regions.js
FN:3,(anonymous_1)
FN:14,(anonymous_2)
FNF:2
FNH:2
FNDA:46,(anonymous_1)
FNDA:46,(anonymous_2)
DA:3,1
DA:4,46
DA:5,46
DA:6,46
DA:7,46
DA:8,46
DA:9,46
DA:10,46
DA:14,1
DA:15,46
LF:10
LH:10
BRF:0
BRH:0
end_of_record
TN:
SF:/Users/kurtis/g52/q2/q2-project/jitters/db/migrations/04_coffee.js
FN:3,(anonymous_1)
FN:15,(anonymous_2)
FNF:2
FNH:2
FNDA:46,(anonymous_1)
FNDA:46,(anonymous_2)
DA:3,1
DA:4,46
DA:5,46
DA:6,46
DA:7,46
DA:8,46
DA:9,46
DA:10,46
DA:11,46
DA:15,1
DA:16,46
LF:11
LH:11
BRF:0
BRH:0
end_of_record
TN:
SF:/Users/kurtis/g52/q2/q2-project/jitters/db/migrations/05_coffee_regions.js
FN:3,(anonymous_1)
FN:12,(anonymous_2)
FNF:2
FNH:2
FNDA:46,(anonymous_1)
FNDA:46,(anonymous_2)
DA:3,1
DA:4,46
DA:5,46
DA:6,46
DA:7,46
DA:8,46
DA:12,1
DA:13,46
LF:8
LH:8
BRF:0
BRH:0
end_of_record
TN:
SF:/Users/kurtis/g52/q2/q2-project/jitters/db/migrations/06_users.js
FN:3,(anonymous_1)
FN:16,(anonymous_2)
FNF:2
FNH:2
FNDA:46,(anonymous_1)
FNDA:46,(anonymous_2)
DA:3,1
DA:4,46
DA:5,46
DA:6,46
DA:7,46
DA:8,46
DA:9,46
DA:10,46
DA:11,46
DA:12,46
DA:16,1
DA:17,46
LF:12
LH:12
BRF:0
BRH:0
end_of_record
TN:
SF:/Users/kurtis/g52/q2/q2-project/jitters/db/migrations/07_favorites.js
FN:3,(anonymous_1)
FN:12,(anonymous_2)
FNF:2
FNH:2
FNDA:46,(anonymous_1)
FNDA:46,(anonymous_2)
DA:3,1
DA:4,46
DA:5,46
DA:6,46
DA:7,46
DA:8,46
DA:12,1
DA:13,46
LF:8
LH:8
BRF:0
BRH:0
end_of_record
TN:
SF:/Users/kurtis/g52/q2/q2-project/jitters/db/seeds/development/01_countries.js
FN:2,(anonymous_1)
FN:5,(anonymous_2)
FNF:2
FNH:2
FNDA:46,(anonymous_1)
FNDA:46,(anonymous_2)
DA:2,1
DA:4,46
DA:7,46
DA:34,46
LF:4
LH:4
BRF:0
BRH:0
end_of_record
TN:
SF:/Users/kurtis/g52/q2/q2-project/jitters/db/seeds/development/02_producers.js
FN:2,(anonymous_1)
FN:5,(anonymous_2)
FNF:2
FNH:2
FNDA:46,(anonymous_1)
FNDA:46,(anonymous_2)
DA:2,1
DA:4,46
DA:7,46
DA:24,46
LF:4
LH:4
BRF:0
BRH:0
end_of_record
TN:
SF:/Users/kurtis/g52/q2/q2-project/jitters/db/seeds/development/03_regions.js
FN:1,(anonymous_1)
FN:4,(anonymous_2)
FNF:2
FNH:2
FNDA:46,(anonymous_1)
FNDA:46,(anonymous_2)
DA:1,1
DA:3,46
DA:6,46
DA:44,46
LF:4
LH:4
BRF:0
BRH:0
end_of_record
TN:
SF:/Users/kurtis/g52/q2/q2-project/jitters/db/seeds/development/04_coffee.js
FN:2,(anonymous_1)
FN:5,(anonymous_2)
FNF:2
FNH:2
FNDA:46,(anonymous_1)
FNDA:46,(anonymous_2)
DA:2,1
DA:4,46
DA:7,46
DA:49,46
LF:4
LH:4
BRF:0
BRH:0
end_of_record
TN:
SF:/Users/kurtis/g52/q2/q2-project/jitters/db/seeds/development/05_coffee_regions.js
FN:2,(anonymous_1)
FN:5,(anonymous_2)
FNF:2
FNH:2
FNDA:46,(anonymous_1)
FNDA:46,(anonymous_2)
DA:2,1
DA:4,46
DA:7,46
DA:37,46
LF:4
LH:4
BRF:0
BRH:0
end_of_record
TN:
SF:/Users/kurtis/g52/q2/q2-project/jitters/db/seeds/development/06_users.js
FN:2,(anonymous_1)
FN:5,(anonymous_2)
FNF:2
FNH:2
FNDA:46,(anonymous_1)
FNDA:46,(anonymous_2)
DA:2,1
DA:4,46
DA:6,46
DA:32,46
LF:4
LH:4
BRF:0
BRH:0
end_of_record
TN:
SF:/Users/kurtis/g52/q2/q2-project/jitters/db/seeds/development/07_favorites.js
FN:2,(anonymous_1)
FN:5,(anonymous_2)
FNF:2
FNH:2
FNDA:46,(anonymous_1)
FNDA:46,(anonymous_2)
DA:2,1
DA:4,46
DA:7,46
DA:16,46
LF:4
LH:4
BRF:0
BRH:0
end_of_record
